proguard/seeds.txt
com.qiyi.imageprovider.ImageProviderApi
com.qiyi.imageprovider.ImageProviderApi: ImageProviderApi()
com.qiyi.imageprovider.ImageProviderApi: com.qiyi.imageprovider.base.IImageProvider getImageProvider()
com.qiyi.imageprovider.ImageProviderApi: void setChacheFile(boolean)
com.qiyi.imageprovider.base.IFileCallback
com.qiyi.imageprovider.base.IFileCallback: void onSuccess(com.qiyi.imageprovider.base.ImageRequest,java.lang.String)
com.qiyi.imageprovider.base.IFileCallback: void onFailure(com.qiyi.imageprovider.base.ImageRequest,java.lang.Exception)
com.qiyi.imageprovider.base.IImageCallback
com.qiyi.imageprovider.base.IImageCallback: void onSuccess(com.qiyi.imageprovider.base.ImageRequest,android.graphics.Bitmap)
com.qiyi.imageprovider.base.IImageCallback: void onFailure(com.qiyi.imageprovider.base.ImageRequest,java.lang.Exception)
com.qiyi.imageprovider.base.IImageProvider
com.qiyi.imageprovider.base.IImageProvider: void initialize(android.content.Context)
com.qiyi.imageprovider.base.IImageProvider: void initialize(android.content.Context,java.lang.String)
com.qiyi.imageprovider.base.IImageProvider: void openSmoothmode(int)
com.qiyi.imageprovider.base.IImageProvider: void setThreadPriority(int)
com.qiyi.imageprovider.base.IImageProvider: void closeSmoothmode()
com.qiyi.imageprovider.base.IImageProvider: void loadImage(com.qiyi.imageprovider.base.ImageRequest,com.qiyi.imageprovider.base.IImageCallback)
com.qiyi.imageprovider.base.IImageProvider: void loadImage(com.qiyi.imageprovider.base.ImageRequest,com.qiyi.imageprovider.cocos2d.ICocosCallback)
com.qiyi.imageprovider.base.IImageProvider: void loadImageFromWeb(com.qiyi.imageprovider.base.ImageRequest,com.qiyi.imageprovider.base.IImageCallback)
com.qiyi.imageprovider.base.IImageProvider: void loadImages(java.util.List,com.qiyi.imageprovider.base.IImageCallback)
com.qiyi.imageprovider.base.IImageProvider: void loadImages(java.util.List,com.qiyi.imageprovider.cocos2d.ICocosCallback)
com.qiyi.imageprovider.base.IImageProvider: void loadImagePriority(com.qiyi.imageprovider.base.ImageRequest,com.qiyi.imageprovider.base.IImageCallback)
com.qiyi.imageprovider.base.IImageProvider: void loadFile(com.qiyi.imageprovider.base.ImageRequest,com.qiyi.imageprovider.base.IFileCallback)
com.qiyi.imageprovider.base.ImageRequest
com.qiyi.imageprovider.base.ImageRequest: ImageRequest(java.lang.String)
com.qiyi.imageprovider.base.ImageRequest: ImageRequest(java.lang.String,java.lang.Object)
com.qiyi.imageprovider.base.ImageRequest: void setLasting(boolean)
com.qiyi.imageprovider.base.ImageRequest: java.lang.String getUrl()
com.qiyi.imageprovider.base.ImageRequest: java.lang.Object getCookie()
com.qiyi.imageprovider.base.ImageRequest: boolean isLasting()
com.qiyi.imageprovider.base.ImageRequest: void setSavePath(java.lang.String)
com.qiyi.imageprovider.base.ImageRequest: java.lang.String getSavePath()
com.qiyi.imageprovider.base.ImageRequest: void setImageType(com.qiyi.imageprovider.base.ImageRequest$ImageType)
com.qiyi.imageprovider.base.ImageRequest: com.qiyi.imageprovider.base.ImageRequest$ImageType getImageType()
com.qiyi.imageprovider.base.ImageRequest: void setScaleType(com.qiyi.imageprovider.base.ImageRequest$ScaleType)
com.qiyi.imageprovider.base.ImageRequest: com.qiyi.imageprovider.base.ImageRequest$ScaleType getScaleType()
com.qiyi.imageprovider.base.ImageRequest: void setRadius(float)
com.qiyi.imageprovider.base.ImageRequest: float getRadius()
com.qiyi.imageprovider.base.ImageRequest: int getTargetWidth()
com.qiyi.imageprovider.base.ImageRequest: void setTargetWidth(int)
com.qiyi.imageprovider.base.ImageRequest: int getTargetHeight()
com.qiyi.imageprovider.base.ImageRequest: void setTargetHeight(int)