proguard/usage.txt
com.qiyi.imageprovider.BuildConfig
com.qiyi.imageprovider.R
com.qiyi.imageprovider.R$attr
com.qiyi.imageprovider.R$dimen
com.qiyi.imageprovider.R$drawable
com.qiyi.imageprovider.R$id
com.qiyi.imageprovider.R$layout
com.qiyi.imageprovider.R$menu
com.qiyi.imageprovider.R$string
com.qiyi.imageprovider.R$style
com.qiyi.imageprovider.base.ImageRequest:
    199:203:private static java.lang.String getObjectDescription(java.lang.Object)
com.qiyi.imageprovider.cocos2d.CocosHttpTask:
    private static final java.lang.String TAG_S
    protected static final int CONN_TIMEOUT
    protected static final int READ_TIMEOUT
    protected static final int RETRY_CONN_TIMEOUT
    protected static final int RETRY_READ_TIMEOUT
    protected static final int TOTAL_RETRY_COUNT
    private static final long serialVersionUID
    95:97:public void deprecate()
    100:100:public boolean isEquals(java.lang.String)
    104:104:public boolean isEquals(com.qiyi.imageprovider.base.ImageRequest)
com.qiyi.imageprovider.cocos2d.LastCocosHttpTask:
    private static final long serialVersionUID
com.qiyi.imageprovider.logic.ImageProvider:
    private static final java.lang.String TAG
    223:223:public boolean getEnableScale()
com.qiyi.imageprovider.logic.ParamsUtils:
    10:10:public ParamsUtils()
com.qiyi.imageprovider.logic.TaskLoader:
    private static final java.lang.String TAG
    223:223:public boolean isPingbackPermit()
com.qiyi.imageprovider.logic.ThreadPool:
    private static final java.lang.String TAG
com.qiyi.imageprovider.logic.cache.CacheFile:
    private static final java.lang.String TAG
    private static final java.lang.String CACHE_PATH
    private static final java.lang.String NORMAL_PATH
    private static final java.lang.String LASTING_PATH
    private static final java.lang.String BASE_CACHE_PATH
    private static final java.lang.String DEFAULT_PKG_NAME
    private static final int FILES_QUEUE_SIZE_DEFAULT
    private static final int FILES_QUEUE_SIZE_LASTING_DEFAULT
    private static final int REMOVE_TAIO
com.qiyi.imageprovider.logic.task.HttpTask:
    private static final java.lang.String TAG_S
    protected static final int CONN_TIMEOUT
    protected static final int READ_TIMEOUT
    protected static final int RETRY_CONN_TIMEOUT
    protected static final int RETRY_READ_TIMEOUT
    protected static final int TOTAL_RETRY_COUNT
    private static final long serialVersionUID
com.qiyi.imageprovider.logic.task.ITaskStatusListener:
    public abstract void onImageLoadTimedOut()
com.qiyi.imageprovider.logic.task.LastHttpTask:
    private static final long serialVersionUID
com.qiyi.imageprovider.logic.task.NoMemoryHttpTask
com.qiyi.imageprovider.logic.task.NormalHttpTask:
    private static final long serialVersionUID
com.qiyi.imageprovider.logic.task.OnlyFileHttpTask:
    private static final long serialVersionUID
com.qiyi.imageprovider.logic.task.OnlyWebHttpTask:
    private static final java.lang.String TAG
    private static final long serialVersionUID
com.qiyi.imageprovider.logic.task.PriorityHttpTask:
    private static final long serialVersionUID
com.qiyi.imageprovider.model.RecordResult
com.qiyi.imageprovider.model.USAException:
    private static final long serialVersionUID
    public static final java.lang.String PARAMS_ERROR
    public static final java.lang.String TASK_CANCEL
    public static final java.lang.String COUNT_TOO_MUCH
    public static final java.lang.String REQUEST_FAIL
com.qiyi.imageprovider.model.WaitingQueue:
    22:31:public synchronized com.qiyi.imageprovider.base.ImageRequest getSameTask(java.lang.String)
com.qiyi.imageprovider.pingback.ImagePingback:
    private static final java.lang.String TAG
    76:76:public void onImageLoadTimedOut()
...
com.qiyi.test.App
com.qiyi.test.App$1
com.qiyi.test.App$1$1
com.qiyi.test.App$PerformanceProfiler